<?xml version="1.0" encoding="UTF-8"?>
<!-- Generated by org.testng.reporters.JUnitReportReporter -->
<testsuite hostname="GSLAP13" failures="0" tests="1" name="userloveAdmin.loginTestCase.LoginWithValidCredential" time="16.440" errors="0" timestamp="2023-11-07T15:09:10 IST" skipped="0">
  <testcase classname="userloveAdmin.loginTestCase.LoginWithValidCredential" name="verifyUserloginwithcorrectCredentials" time="16.440"/>
</testsuite> <!-- userloveAdmin.loginTestCase.LoginWithValidCredential -->
