<?xml version="1.0" encoding="UTF-8"?>
<!-- Generated by org.testng.reporters.JUnitReportReporter -->
<testsuite hostname="GSLAP26" failures="0" tests="3" name="userloveAdmin.smokeTestCase.SmokeTest" time="74.715" errors="0" timestamp="2023-08-10T12:39:52 IST" skipped="0">
  <testcase classname="userloveAdmin.smokeTestCase.SmokeTest" name="verifyUserloginwithcorrectCredentials" time="23.900"/>
  <system-out/>
  <testcase classname="userloveAdmin.smokeTestCase.SmokeTest" name="verifySureyPage" time="4.627"/>
  <system-out/>
  <testcase classname="userloveAdmin.smokeTestCase.SmokeTest" name="verifyCreateSurvey" time="46.188"/>
  <system-out/>
</testsuite> <!-- userloveAdmin.smokeTestCase.SmokeTest -->
