<?xml version="1.0" encoding="UTF-8"?>
<!-- Generated by org.testng.reporters.JUnitReportReporter -->
<testsuite hostname="GSLAP26" failures="0" tests="1" name="userloveAdmin.loginTestCase.LoginWithValidCredential" time="70.935" errors="0" timestamp="2023-07-17T16:02:56 IST" skipped="0">
  <testcase classname="userloveAdmin.loginTestCase.LoginWithValidCredential" name="verifyUserloginwithcorrectCredentials" time="70.935"/>
  <system-out/>
</testsuite> <!-- userloveAdmin.loginTestCase.LoginWithValidCredential -->
