<?xml version="1.0" encoding="UTF-8"?>
<!-- Generated by org.testng.reporters.JUnitReportReporter -->
<testsuite hostname="GSLAP26" failures="0" tests="1" name="userloveAdmin.login.Login" time="16.601" errors="0" timestamp="2023-07-12T12:50:44 IST" skipped="0">
  <testcase classname="userloveAdmin.login.Login" name="verifyUserloginwithcorrectCredentials" time="16.601"/>
  <system-out/>
</testsuite> <!-- userloveAdmin.login.Login -->
