<?xml version="1.0" encoding="UTF-8"?>
<!-- Generated by org.testng.reporters.JUnitReportReporter -->
<testsuite hostname="DESKTOP-T5JS09G" failures="0" tests="1" name="userloveAdmin.loginTestCase.LoginWithValidCredential" time="14.940" errors="0" timestamp="2024-03-06T23:31:02 IST" skipped="0">
  <testcase classname="userloveAdmin.loginTestCase.LoginWithValidCredential" name="verifyUserloginwithcorrectCredentials" time="14.940"/>
  <system-out/>
</testsuite> <!-- userloveAdmin.loginTestCase.LoginWithValidCredential -->
