<?xml version="1.0" encoding="UTF-8"?>
<!-- Generated by org.testng.reporters.JUnitReportReporter -->
<testsuite hostname="DESKTOP-BN8RO8Q" failures="0" tests="1" name="userloveAdmin.loginTestCase.LoginWithValidCredential" time="14.700" errors="0" timestamp="2025-03-05T23:54:25 IST" skipped="0">
  <testcase classname="userloveAdmin.loginTestCase.LoginWithValidCredential" name="verifyUserloginwithcorrectCredentials" time="14.700"/>
  <system-out/>
</testsuite> <!-- userloveAdmin.loginTestCase.LoginWithValidCredential -->
