<?xml version="1.0" encoding="UTF-8"?>
<!-- Generated by org.testng.reporters.JUnitReportReporter -->
<testsuite hostname="GSLAP26" failures="0" tests="1" name="userloveAdmin.smokeTestCase.SmokeTest" time="30.321" errors="0" timestamp="2023-07-17T17:06:04 IST" skipped="0">
  <testcase classname="userloveAdmin.smokeTestCase.SmokeTest" name="verifyUserloginwithcorrectCredentials" time="30.321"/>
  <system-out/>
</testsuite> <!-- userloveAdmin.smokeTestCase.SmokeTest -->
