<?xml version="1.0" encoding="UTF-8"?>
<!-- Generated by org.testng.reporters.JUnitReportReporter -->
<testsuite hostname="GSLAP13" failures="0" tests="1" name="userloveAdmin.loginTestCase.LoginWithINVALIDCredential" time="14.073" errors="0" timestamp="2025-03-05T18:01:40 IST" skipped="0">
  <testcase classname="userloveAdmin.loginTestCase.LoginWithINVALIDCredential" name="verifyUserloginwithINVALIDCredentials" time="14.073"/>
  <system-out/>
</testsuite> <!-- userloveAdmin.loginTestCase.LoginWithINVALIDCredential -->
